<?xml version="1.0" encoding="UTF-8"?>
<!-- Generated by org.testng.reporters.JUnitXMLReporter -->
<testsuite ignored="0" hostname="LAPTOP-CNDO9REH" failures="0" tests="17" name="Test" time="146.035" errors="0" timestamp="2022-12-06T10:27:29 IST">
  <testcase classname="testDataSample.Tricentis_Solutions_TestScript" name="solution" time="0.114"/>
  <testcase classname="testDataSample.Tricentis_Automobile_TestScript" name="automobileInsurance" time="13.364"/>
  <testcase classname="testDataSample.Tricentis_Register_TestScript" name="registerUser" time="10.567"/>
  <testcase classname="testDataSample.Tricentis_EnterVehicleData_only_Dropdowns_testScript" name="EnterVehicleData_Dropdowns" time="0.646"/>
  <testcase classname="testDataSample.Tricentis_EnterProductData_TestScript" name="EnterProductData" time="10.886"/>
  <testcase classname="testDataSample.Tricentis_EnterInsurantData_radiobuttons" name="EnterInsurantData_radiobuttons" time="0.634"/>
  <testcase classname="testDataSample.Tricentis_Request_Demo_TestScript" name="request_demo" time="2.842"/>
  <testcase classname="testDataSample.Tricentics_Motorcycle_TestScript" name="registerUser" time="12.869"/>
  <testcase classname="testDataSample.Tricentics_Truck_TestScript" name="truckInsurance" time="3.182"/>
  <testcase classname="testDataSample.Tricentis_Camper_TestScript" name="vehicleData" time="12.659"/>
  <testcase classname="testDataSample.Tricentis_Radiobutton_TestScript" name="dropdown_click" time="0.47"/>
  <testcase classname="testDataSample.Tricentis_Dropdown_getText_TestScript" name="dropdown_getTest" time="0.627"/>
  <testcase classname="testDataSample.Tricentis_EnterVehicleData_TestScript" name="enter_vechicle_data" time="1.055"/>
  <testcase classname="testDataSample.Tricentis_clickon_dropdown_TestScript" name="dropdown" time="0.494"/>
  <testcase classname="testDataSample.Tricentis_SearchBox_TestScript" name="searchbox" time="0.114"/>
  <testcase classname="testDataSample.Tricentis_MajorTab_TestSCript" name="majortabs" time="10.744"/>
  <testcase classname="testDataSample.Tricentis_facebook_TestScripts" name="facebook" time="9.452"/>
</testsuite> <!-- Test -->
