<?xml version="1.0" encoding="UTF-8"?>
<testng-results ignored="0" total="17" passed="17" failed="0" skipped="0">
  <reporter-output>
    <line>
      <![CDATA[Successfully Launched Chrome Browser]]>
    </line>
    <line>
      <![CDATA[Browser window is maximized successfully]]>
    </line>
    <line>
      <![CDATA[Successfully Launched Chrome Browser]]>
    </line>
    <line>
      <![CDATA[Browser window is maximized successfully]]>
    </line>
    <line>
      <![CDATA[Successfully Launched Chrome Browser]]>
    </line>
    <line>
      <![CDATA[Browser window is maximized successfully]]>
    </line>
    <line>
      <![CDATA[Successfully Launched Chrome Browser]]>
    </line>
    <line>
      <![CDATA[Browser window is maximized successfully]]>
    </line>
    <line>
      <![CDATA[Successfully Launched Chrome Browser]]>
    </line>
    <line>
      <![CDATA[Browser window is maximized successfully]]>
    </line>
    <line>
      <![CDATA[Successfully Launched Chrome Browser]]>
    </line>
    <line>
      <![CDATA[Browser window is maximized successfully]]>
    </line>
    <line>
      <![CDATA[Successfully Launched Chrome Browser]]>
    </line>
    <line>
      <![CDATA[Browser window is maximized successfully]]>
    </line>
    <line>
      <![CDATA[Successfully Launched Chrome Browser]]>
    </line>
    <line>
      <![CDATA[Browser window is maximized successfully]]>
    </line>
    <line>
      <![CDATA[Successfully Launched Chrome Browser]]>
    </line>
    <line>
      <![CDATA[Browser window is maximized successfully]]>
    </line>
    <line>
      <![CDATA[Successfully Launched Chrome Browser]]>
    </line>
    <line>
      <![CDATA[Browser window is maximized successfully]]>
    </line>
    <line>
      <![CDATA[Successfully Launched Chrome Browser]]>
    </line>
    <line>
      <![CDATA[Browser window is maximized successfully]]>
    </line>
    <line>
      <![CDATA[Successfully Launched Chrome Browser]]>
    </line>
    <line>
      <![CDATA[Browser window is maximized successfully]]>
    </line>
    <line>
      <![CDATA[Successfully Launched Chrome Browser]]>
    </line>
    <line>
      <![CDATA[Browser window is maximized successfully]]>
    </line>
    <line>
      <![CDATA[Successfully Launched Chrome Browser]]>
    </line>
    <line>
      <![CDATA[Browser window is maximized successfully]]>
    </line>
    <line>
      <![CDATA[Successfully Launched Chrome Browser]]>
    </line>
    <line>
      <![CDATA[Browser window is maximized successfully]]>
    </line>
    <line>
      <![CDATA[Successfully Launched Chrome Browser]]>
    </line>
    <line>
      <![CDATA[Browser window is maximized successfully]]>
    </line>
    <line>
      <![CDATA[Successfully Launched Chrome Browser]]>
    </line>
    <line>
      <![CDATA[Browser window is maximized successfully]]>
    </line>
  </reporter-output>
  <suite started-at="2022-12-06T10:25:03 IST" name="Suite" finished-at="2022-12-06T10:27:29 IST" duration-ms="146035">
    <groups>
    </groups>
    <test started-at="2022-12-06T10:25:03 IST" name="Test" finished-at="2022-12-06T10:27:29 IST" duration-ms="146035">
      <class name="testDataSample.Tricentis_clickon_dropdown_TestScript">
        <test-method is-config="true" signature="browserSetUp(java.lang.String)[pri:0, instance:testDataSample.Tricentis_clickon_dropdown_TestScript@4de4b452]" started-at="2022-12-06T10:26:56 IST" name="browserSetUp" finished-at="2022-12-06T10:26:57 IST" duration-ms="740" status="PASS">
          <params>
            <param index="0">
              <value>
                <![CDATA[noValue]]>
              </value>
            </param>
          </params>
          <reporter-output>
            <line>
              <![CDATA[Successfully Launched Chrome Browser]]>
            </line>
            <line>
              <![CDATA[Browser window is maximized successfully]]>
            </line>
          </reporter-output>
        </test-method> <!-- browserSetUp -->
        <test-method is-config="true" signature="loginToApplication()[pri:0, instance:testDataSample.Tricentis_clickon_dropdown_TestScript@4de4b452]" started-at="2022-12-06T10:26:57 IST" name="loginToApplication" finished-at="2022-12-06T10:26:59 IST" duration-ms="2169" status="PASS">
          <reporter-output>
          </reporter-output>
        </test-method> <!-- loginToApplication -->
        <test-method signature="dropdown()[pri:0, instance:testDataSample.Tricentis_clickon_dropdown_TestScript@4de4b452]" started-at="2022-12-06T10:26:59 IST" name="dropdown" finished-at="2022-12-06T10:26:59 IST" duration-ms="494" status="PASS">
          <reporter-output>
          </reporter-output>
        </test-method> <!-- dropdown -->
        <test-method is-config="true" signature="browserTearDown()[pri:0, instance:testDataSample.Tricentis_clickon_dropdown_TestScript@4de4b452]" started-at="2022-12-06T10:26:59 IST" name="browserTearDown" finished-at="2022-12-06T10:27:00 IST" duration-ms="122" status="PASS">
          <reporter-output>
          </reporter-output>
        </test-method> <!-- browserTearDown -->
      </class> <!-- testDataSample.Tricentis_clickon_dropdown_TestScript -->
      <class name="testDataSample.Tricentis_facebook_TestScripts">
        <test-method is-config="true" signature="browserSetUp(java.lang.String)[pri:0, instance:testDataSample.Tricentis_facebook_TestScripts@6babf3bf]" started-at="2022-12-06T10:27:16 IST" name="browserSetUp" finished-at="2022-12-06T10:27:17 IST" duration-ms="766" status="PASS">
          <params>
            <param index="0">
              <value>
                <![CDATA[noValue]]>
              </value>
            </param>
          </params>
          <reporter-output>
            <line>
              <![CDATA[Successfully Launched Chrome Browser]]>
            </line>
            <line>
              <![CDATA[Browser window is maximized successfully]]>
            </line>
          </reporter-output>
        </test-method> <!-- browserSetUp -->
        <test-method is-config="true" signature="loginToApplication()[pri:0, instance:testDataSample.Tricentis_facebook_TestScripts@6babf3bf]" started-at="2022-12-06T10:27:17 IST" name="loginToApplication" finished-at="2022-12-06T10:27:19 IST" duration-ms="1979" status="PASS">
          <reporter-output>
          </reporter-output>
        </test-method> <!-- loginToApplication -->
        <test-method signature="facebook()[pri:0, instance:testDataSample.Tricentis_facebook_TestScripts@6babf3bf]" started-at="2022-12-06T10:27:19 IST" name="facebook" finished-at="2022-12-06T10:27:29 IST" duration-ms="9452" status="PASS">
          <reporter-output>
          </reporter-output>
        </test-method> <!-- facebook -->
        <test-method is-config="true" signature="browserTearDown()[pri:0, instance:testDataSample.Tricentis_facebook_TestScripts@6babf3bf]" started-at="2022-12-06T10:27:29 IST" name="browserTearDown" finished-at="2022-12-06T10:27:29 IST" duration-ms="100" status="PASS">
          <reporter-output>
          </reporter-output>
        </test-method> <!-- browserTearDown -->
      </class> <!-- testDataSample.Tricentis_facebook_TestScripts -->
      <class name="testDataSample.Tricentis_Camper_TestScript">
        <test-method is-config="true" signature="browserSetUp(java.lang.String)[pri:0, instance:testDataSample.Tricentis_Camper_TestScript@2df9b86]" started-at="2022-12-06T10:26:28 IST" name="browserSetUp" finished-at="2022-12-06T10:26:29 IST" duration-ms="713" status="PASS">
          <params>
            <param index="0">
              <value>
                <![CDATA[noValue]]>
              </value>
            </param>
          </params>
          <reporter-output>
            <line>
              <![CDATA[Successfully Launched Chrome Browser]]>
            </line>
            <line>
              <![CDATA[Browser window is maximized successfully]]>
            </line>
          </reporter-output>
        </test-method> <!-- browserSetUp -->
        <test-method is-config="true" signature="loginToApplication()[pri:0, instance:testDataSample.Tricentis_Camper_TestScript@2df9b86]" started-at="2022-12-06T10:26:29 IST" name="loginToApplication" finished-at="2022-12-06T10:26:31 IST" duration-ms="2397" status="PASS">
          <reporter-output>
          </reporter-output>
        </test-method> <!-- loginToApplication -->
        <test-method signature="vehicleData([Ljava.lang.String;)[pri:0, instance:testDataSample.Tricentis_Camper_TestScript@2df9b86]" started-at="2022-12-06T10:26:31 IST" name="vehicleData" data-provider="vehicledata" finished-at="2022-12-06T10:26:44 IST" duration-ms="12659" status="PASS">
          <params>
            <param index="0">
              <value>
                <![CDATA[[Ljava.lang.String;@394b9e22]]>
              </value>
            </param>
          </params>
          <reporter-output>
          </reporter-output>
        </test-method> <!-- vehicleData -->
        <test-method is-config="true" signature="browserTearDown()[pri:0, instance:testDataSample.Tricentis_Camper_TestScript@2df9b86]" started-at="2022-12-06T10:26:44 IST" name="browserTearDown" finished-at="2022-12-06T10:26:44 IST" duration-ms="128" status="PASS">
          <reporter-output>
          </reporter-output>
        </test-method> <!-- browserTearDown -->
      </class> <!-- testDataSample.Tricentis_Camper_TestScript -->
      <class name="testDataSample.Tricentis_MajorTab_TestSCript">
        <test-method is-config="true" signature="browserSetUp(java.lang.String)[pri:0, instance:testDataSample.Tricentis_MajorTab_TestSCript@101952da]" started-at="2022-12-06T10:27:03 IST" name="browserSetUp" finished-at="2022-12-06T10:27:04 IST" duration-ms="747" status="PASS">
          <params>
            <param index="0">
              <value>
                <![CDATA[noValue]]>
              </value>
            </param>
          </params>
          <reporter-output>
            <line>
              <![CDATA[Successfully Launched Chrome Browser]]>
            </line>
            <line>
              <![CDATA[Browser window is maximized successfully]]>
            </line>
          </reporter-output>
        </test-method> <!-- browserSetUp -->
        <test-method is-config="true" signature="loginToApplication()[pri:0, instance:testDataSample.Tricentis_MajorTab_TestSCript@101952da]" started-at="2022-12-06T10:27:04 IST" name="loginToApplication" finished-at="2022-12-06T10:27:06 IST" duration-ms="1939" status="PASS">
          <reporter-output>
          </reporter-output>
        </test-method> <!-- loginToApplication -->
        <test-method signature="majortabs()[pri:0, instance:testDataSample.Tricentis_MajorTab_TestSCript@101952da]" started-at="2022-12-06T10:27:06 IST" name="majortabs" finished-at="2022-12-06T10:27:16 IST" duration-ms="10744" status="PASS">
          <reporter-output>
          </reporter-output>
        </test-method> <!-- majortabs -->
        <test-method is-config="true" signature="browserTearDown()[pri:0, instance:testDataSample.Tricentis_MajorTab_TestSCript@101952da]" started-at="2022-12-06T10:27:16 IST" name="browserTearDown" finished-at="2022-12-06T10:27:16 IST" duration-ms="126" status="PASS">
          <reporter-output>
          </reporter-output>
        </test-method> <!-- browserTearDown -->
      </class> <!-- testDataSample.Tricentis_MajorTab_TestSCript -->
      <class name="testDataSample.Tricentics_Truck_TestScript">
        <test-method is-config="true" signature="browserSetUp(java.lang.String)[pri:0, instance:testDataSample.Tricentics_Truck_TestScript@793be5ca]" started-at="2022-12-06T10:26:22 IST" name="browserSetUp" finished-at="2022-12-06T10:26:23 IST" duration-ms="767" status="PASS">
          <params>
            <param index="0">
              <value>
                <![CDATA[noValue]]>
              </value>
            </param>
          </params>
          <reporter-output>
            <line>
              <![CDATA[Successfully Launched Chrome Browser]]>
            </line>
            <line>
              <![CDATA[Browser window is maximized successfully]]>
            </line>
          </reporter-output>
        </test-method> <!-- browserSetUp -->
        <test-method is-config="true" signature="loginToApplication()[pri:0, instance:testDataSample.Tricentics_Truck_TestScript@793be5ca]" started-at="2022-12-06T10:26:23 IST" name="loginToApplication" finished-at="2022-12-06T10:26:25 IST" duration-ms="1930" status="PASS">
          <reporter-output>
          </reporter-output>
        </test-method> <!-- loginToApplication -->
        <test-method signature="truckInsurance([Ljava.lang.String;)[pri:0, instance:testDataSample.Tricentics_Truck_TestScript@793be5ca]" started-at="2022-12-06T10:26:25 IST" name="truckInsurance" data-provider="truckdata" finished-at="2022-12-06T10:26:28 IST" duration-ms="3182" status="PASS">
          <params>
            <param index="0">
              <value>
                <![CDATA[[Ljava.lang.String;@6b756a62]]>
              </value>
            </param>
          </params>
          <reporter-output>
          </reporter-output>
        </test-method> <!-- truckInsurance -->
        <test-method is-config="true" signature="browserTearDown()[pri:0, instance:testDataSample.Tricentics_Truck_TestScript@793be5ca]" started-at="2022-12-06T10:26:28 IST" name="browserTearDown" finished-at="2022-12-06T10:26:28 IST" duration-ms="123" status="PASS">
          <reporter-output>
          </reporter-output>
        </test-method> <!-- browserTearDown -->
      </class> <!-- testDataSample.Tricentics_Truck_TestScript -->
      <class name="testDataSample.Tricentis_Request_Demo_TestScript">
        <test-method is-config="true" signature="browserSetUp(java.lang.String)[pri:0, instance:testDataSample.Tricentis_Request_Demo_TestScript@446293d]" started-at="2022-12-06T10:26:00 IST" name="browserSetUp" finished-at="2022-12-06T10:26:01 IST" duration-ms="759" status="PASS">
          <params>
            <param index="0">
              <value>
                <![CDATA[noValue]]>
              </value>
            </param>
          </params>
          <reporter-output>
            <line>
              <![CDATA[Successfully Launched Chrome Browser]]>
            </line>
            <line>
              <![CDATA[Browser window is maximized successfully]]>
            </line>
          </reporter-output>
        </test-method> <!-- browserSetUp -->
        <test-method is-config="true" signature="loginToApplication()[pri:0, instance:testDataSample.Tricentis_Request_Demo_TestScript@446293d]" started-at="2022-12-06T10:26:01 IST" name="loginToApplication" finished-at="2022-12-06T10:26:03 IST" duration-ms="2653" status="PASS">
          <reporter-output>
          </reporter-output>
        </test-method> <!-- loginToApplication -->
        <test-method signature="request_demo()[pri:0, instance:testDataSample.Tricentis_Request_Demo_TestScript@446293d]" started-at="2022-12-06T10:26:03 IST" name="request_demo" finished-at="2022-12-06T10:26:06 IST" duration-ms="2842" status="PASS">
          <reporter-output>
          </reporter-output>
        </test-method> <!-- request_demo -->
        <test-method is-config="true" signature="browserTearDown()[pri:0, instance:testDataSample.Tricentis_Request_Demo_TestScript@446293d]" started-at="2022-12-06T10:26:06 IST" name="browserTearDown" finished-at="2022-12-06T10:26:06 IST" duration-ms="135" status="PASS">
          <reporter-output>
          </reporter-output>
        </test-method> <!-- browserTearDown -->
      </class> <!-- testDataSample.Tricentis_Request_Demo_TestScript -->
      <class name="testDataSample.Tricentis_Register_TestScript">
        <test-method is-config="true" signature="browserSetUp(java.lang.String)[pri:0, instance:testDataSample.Tricentis_Register_TestScript@2fd1433e]" started-at="2022-12-06T10:25:24 IST" name="browserSetUp" finished-at="2022-12-06T10:25:25 IST" duration-ms="748" status="PASS">
          <params>
            <param index="0">
              <value>
                <![CDATA[noValue]]>
              </value>
            </param>
          </params>
          <reporter-output>
            <line>
              <![CDATA[Successfully Launched Chrome Browser]]>
            </line>
            <line>
              <![CDATA[Browser window is maximized successfully]]>
            </line>
          </reporter-output>
        </test-method> <!-- browserSetUp -->
        <test-method is-config="true" signature="loginToApplication()[pri:0, instance:testDataSample.Tricentis_Register_TestScript@2fd1433e]" started-at="2022-12-06T10:25:25 IST" name="loginToApplication" finished-at="2022-12-06T10:25:28 IST" duration-ms="2477" status="PASS">
          <reporter-output>
          </reporter-output>
        </test-method> <!-- loginToApplication -->
        <test-method signature="registerUser([Ljava.lang.String;)[pri:0, instance:testDataSample.Tricentis_Register_TestScript@2fd1433e]" started-at="2022-12-06T10:25:28 IST" name="registerUser" data-provider="multipleNewUsersData" finished-at="2022-12-06T10:25:38 IST" duration-ms="10567" status="PASS">
          <params>
            <param index="0">
              <value>
                <![CDATA[[Ljava.lang.String;@24ee6faa]]>
              </value>
            </param>
          </params>
          <reporter-output>
          </reporter-output>
        </test-method> <!-- registerUser -->
        <test-method is-config="true" signature="browserTearDown()[pri:0, instance:testDataSample.Tricentis_Register_TestScript@2fd1433e]" started-at="2022-12-06T10:25:38 IST" name="browserTearDown" finished-at="2022-12-06T10:25:38 IST" duration-ms="141" status="PASS">
          <reporter-output>
          </reporter-output>
        </test-method> <!-- browserTearDown -->
      </class> <!-- testDataSample.Tricentis_Register_TestScript -->
      <class name="testDataSample.Tricentis_SearchBox_TestScript">
        <test-method is-config="true" signature="browserSetUp(java.lang.String)[pri:0, instance:testDataSample.Tricentis_SearchBox_TestScript@50b5ac82]" started-at="2022-12-06T10:27:00 IST" name="browserSetUp" finished-at="2022-12-06T10:27:00 IST" duration-ms="839" status="PASS">
          <params>
            <param index="0">
              <value>
                <![CDATA[noValue]]>
              </value>
            </param>
          </params>
          <reporter-output>
            <line>
              <![CDATA[Successfully Launched Chrome Browser]]>
            </line>
            <line>
              <![CDATA[Browser window is maximized successfully]]>
            </line>
          </reporter-output>
        </test-method> <!-- browserSetUp -->
        <test-method is-config="true" signature="loginToApplication()[pri:0, instance:testDataSample.Tricentis_SearchBox_TestScript@50b5ac82]" started-at="2022-12-06T10:27:00 IST" name="loginToApplication" finished-at="2022-12-06T10:27:03 IST" duration-ms="2214" status="PASS">
          <reporter-output>
          </reporter-output>
        </test-method> <!-- loginToApplication -->
        <test-method signature="searchbox()[pri:0, instance:testDataSample.Tricentis_SearchBox_TestScript@50b5ac82]" started-at="2022-12-06T10:27:03 IST" name="searchbox" finished-at="2022-12-06T10:27:03 IST" duration-ms="114" status="PASS">
          <reporter-output>
          </reporter-output>
        </test-method> <!-- searchbox -->
        <test-method is-config="true" signature="browserTearDown()[pri:0, instance:testDataSample.Tricentis_SearchBox_TestScript@50b5ac82]" started-at="2022-12-06T10:27:03 IST" name="browserTearDown" finished-at="2022-12-06T10:27:03 IST" duration-ms="138" status="PASS">
          <reporter-output>
          </reporter-output>
        </test-method> <!-- browserTearDown -->
      </class> <!-- testDataSample.Tricentis_SearchBox_TestScript -->
      <class name="testDataSample.Tricentis_EnterVehicleData_TestScript">
        <test-method is-config="true" signature="browserSetUp(java.lang.String)[pri:0, instance:testDataSample.Tricentis_EnterVehicleData_TestScript@33990a0c]" started-at="2022-12-06T10:26:52 IST" name="browserSetUp" finished-at="2022-12-06T10:26:52 IST" duration-ms="734" status="PASS">
          <params>
            <param index="0">
              <value>
                <![CDATA[noValue]]>
              </value>
            </param>
          </params>
          <reporter-output>
            <line>
              <![CDATA[Successfully Launched Chrome Browser]]>
            </line>
            <line>
              <![CDATA[Browser window is maximized successfully]]>
            </line>
          </reporter-output>
        </test-method> <!-- browserSetUp -->
        <test-method is-config="true" signature="loginToApplication()[pri:0, instance:testDataSample.Tricentis_EnterVehicleData_TestScript@33990a0c]" started-at="2022-12-06T10:26:52 IST" name="loginToApplication" finished-at="2022-12-06T10:26:55 IST" duration-ms="2495" status="PASS">
          <reporter-output>
          </reporter-output>
        </test-method> <!-- loginToApplication -->
        <test-method signature="enter_vechicle_data()[pri:0, instance:testDataSample.Tricentis_EnterVehicleData_TestScript@33990a0c]" started-at="2022-12-06T10:26:55 IST" name="enter_vechicle_data" finished-at="2022-12-06T10:26:56 IST" duration-ms="1055" status="PASS">
          <reporter-output>
          </reporter-output>
        </test-method> <!-- enter_vechicle_data -->
        <test-method is-config="true" signature="browserTearDown()[pri:0, instance:testDataSample.Tricentis_EnterVehicleData_TestScript@33990a0c]" started-at="2022-12-06T10:26:56 IST" name="browserTearDown" finished-at="2022-12-06T10:26:56 IST" duration-ms="166" status="PASS">
          <reporter-output>
          </reporter-output>
        </test-method> <!-- browserTearDown -->
      </class> <!-- testDataSample.Tricentis_EnterVehicleData_TestScript -->
      <class name="testDataSample.Tricentis_Automobile_TestScript">
        <test-method is-config="true" signature="browserSetUp(java.lang.String)[pri:0, instance:testDataSample.Tricentis_Automobile_TestScript@d29f28]" started-at="2022-12-06T10:25:07 IST" name="browserSetUp" finished-at="2022-12-06T10:25:07 IST" duration-ms="729" status="PASS">
          <params>
            <param index="0">
              <value>
                <![CDATA[noValue]]>
              </value>
            </param>
          </params>
          <reporter-output>
            <line>
              <![CDATA[Successfully Launched Chrome Browser]]>
            </line>
            <line>
              <![CDATA[Browser window is maximized successfully]]>
            </line>
          </reporter-output>
        </test-method> <!-- browserSetUp -->
        <test-method is-config="true" signature="loginToApplication()[pri:0, instance:testDataSample.Tricentis_Automobile_TestScript@d29f28]" started-at="2022-12-06T10:25:08 IST" name="loginToApplication" finished-at="2022-12-06T10:25:11 IST" duration-ms="3061" status="PASS">
          <reporter-output>
          </reporter-output>
        </test-method> <!-- loginToApplication -->
        <test-method signature="automobileInsurance([Ljava.lang.String;)[pri:0, instance:testDataSample.Tricentis_Automobile_TestScript@d29f28]" started-at="2022-12-06T10:25:11 IST" name="automobileInsurance" data-provider="automobiledata" finished-at="2022-12-06T10:25:24 IST" duration-ms="13364" status="PASS">
          <params>
            <param index="0">
              <value>
                <![CDATA[[Ljava.lang.String;@5c81ddab]]>
              </value>
            </param>
          </params>
          <reporter-output>
          </reporter-output>
        </test-method> <!-- automobileInsurance -->
        <test-method is-config="true" signature="browserTearDown()[pri:0, instance:testDataSample.Tricentis_Automobile_TestScript@d29f28]" started-at="2022-12-06T10:25:24 IST" name="browserTearDown" finished-at="2022-12-06T10:25:24 IST" duration-ms="122" status="PASS">
          <reporter-output>
          </reporter-output>
        </test-method> <!-- browserTearDown -->
      </class> <!-- testDataSample.Tricentis_Automobile_TestScript -->
      <class name="testDataSample.Tricentis_Solutions_TestScript">
        <test-method is-config="true" signature="browserSetUp(java.lang.String)[pri:0, instance:testDataSample.Tricentis_Solutions_TestScript@932bc4a]" started-at="2022-12-06T10:25:03 IST" name="browserSetUp" finished-at="2022-12-06T10:25:04 IST" duration-ms="1338" status="PASS">
          <params>
            <param index="0">
              <value>
                <![CDATA[noValue]]>
              </value>
            </param>
          </params>
          <reporter-output>
            <line>
              <![CDATA[Successfully Launched Chrome Browser]]>
            </line>
            <line>
              <![CDATA[Browser window is maximized successfully]]>
            </line>
          </reporter-output>
        </test-method> <!-- browserSetUp -->
        <test-method is-config="true" signature="loginToApplication()[pri:0, instance:testDataSample.Tricentis_Solutions_TestScript@932bc4a]" started-at="2022-12-06T10:25:04 IST" name="loginToApplication" finished-at="2022-12-06T10:25:06 IST" duration-ms="2265" status="PASS">
          <reporter-output>
          </reporter-output>
        </test-method> <!-- loginToApplication -->
        <test-method signature="solution()[pri:0, instance:testDataSample.Tricentis_Solutions_TestScript@932bc4a]" started-at="2022-12-06T10:25:06 IST" name="solution" finished-at="2022-12-06T10:25:06 IST" duration-ms="114" status="PASS">
          <reporter-output>
          </reporter-output>
        </test-method> <!-- solution -->
        <test-method is-config="true" signature="browserTearDown()[pri:0, instance:testDataSample.Tricentis_Solutions_TestScript@932bc4a]" started-at="2022-12-06T10:25:06 IST" name="browserTearDown" finished-at="2022-12-06T10:25:07 IST" duration-ms="139" status="PASS">
          <reporter-output>
          </reporter-output>
        </test-method> <!-- browserTearDown -->
      </class> <!-- testDataSample.Tricentis_Solutions_TestScript -->
      <class name="testDataSample.Tricentics_Motorcycle_TestScript">
        <test-method is-config="true" signature="browserSetUp(java.lang.String)[pri:0, instance:testDataSample.Tricentics_Motorcycle_TestScript@69997e9d]" started-at="2022-12-06T10:26:06 IST" name="browserSetUp" finished-at="2022-12-06T10:26:07 IST" duration-ms="731" status="PASS">
          <params>
            <param index="0">
              <value>
                <![CDATA[noValue]]>
              </value>
            </param>
          </params>
          <reporter-output>
            <line>
              <![CDATA[Successfully Launched Chrome Browser]]>
            </line>
            <line>
              <![CDATA[Browser window is maximized successfully]]>
            </line>
          </reporter-output>
        </test-method> <!-- browserSetUp -->
        <test-method is-config="true" signature="loginToApplication()[pri:0, instance:testDataSample.Tricentics_Motorcycle_TestScript@69997e9d]" started-at="2022-12-06T10:26:07 IST" name="loginToApplication" finished-at="2022-12-06T10:26:09 IST" duration-ms="2112" status="PASS">
          <reporter-output>
          </reporter-output>
        </test-method> <!-- loginToApplication -->
        <test-method signature="registerUser([Ljava.lang.String;)[pri:0, instance:testDataSample.Tricentics_Motorcycle_TestScript@69997e9d]" started-at="2022-12-06T10:26:09 IST" name="registerUser" data-provider="multipleNewUsersData" finished-at="2022-12-06T10:26:22 IST" duration-ms="12869" status="PASS">
          <params>
            <param index="0">
              <value>
                <![CDATA[[Ljava.lang.String;@6d4f266]]>
              </value>
            </param>
          </params>
          <reporter-output>
          </reporter-output>
        </test-method> <!-- registerUser -->
        <test-method is-config="true" signature="browserTearDown()[pri:0, instance:testDataSample.Tricentics_Motorcycle_TestScript@69997e9d]" started-at="2022-12-06T10:26:22 IST" name="browserTearDown" finished-at="2022-12-06T10:26:22 IST" duration-ms="128" status="PASS">
          <reporter-output>
          </reporter-output>
        </test-method> <!-- browserTearDown -->
      </class> <!-- testDataSample.Tricentics_Motorcycle_TestScript -->
      <class name="testDataSample.Tricentis_EnterInsurantData_radiobuttons">
        <test-method is-config="true" signature="browserSetUp(java.lang.String)[pri:0, instance:testDataSample.Tricentis_EnterInsurantData_radiobuttons@212b5695]" started-at="2022-12-06T10:25:55 IST" name="browserSetUp" finished-at="2022-12-06T10:25:56 IST" duration-ms="733" status="PASS">
          <params>
            <param index="0">
              <value>
                <![CDATA[noValue]]>
              </value>
            </param>
          </params>
          <reporter-output>
            <line>
              <![CDATA[Successfully Launched Chrome Browser]]>
            </line>
            <line>
              <![CDATA[Browser window is maximized successfully]]>
            </line>
          </reporter-output>
        </test-method> <!-- browserSetUp -->
        <test-method is-config="true" signature="loginToApplication()[pri:0, instance:testDataSample.Tricentis_EnterInsurantData_radiobuttons@212b5695]" started-at="2022-12-06T10:25:56 IST" name="loginToApplication" finished-at="2022-12-06T10:25:59 IST" duration-ms="2856" status="PASS">
          <reporter-output>
          </reporter-output>
        </test-method> <!-- loginToApplication -->
        <test-method signature="EnterInsurantData_radiobuttons()[pri:0, instance:testDataSample.Tricentis_EnterInsurantData_radiobuttons@212b5695]" started-at="2022-12-06T10:25:59 IST" name="EnterInsurantData_radiobuttons" finished-at="2022-12-06T10:26:00 IST" duration-ms="634" status="PASS">
          <reporter-output>
          </reporter-output>
        </test-method> <!-- EnterInsurantData_radiobuttons -->
        <test-method is-config="true" signature="browserTearDown()[pri:0, instance:testDataSample.Tricentis_EnterInsurantData_radiobuttons@212b5695]" started-at="2022-12-06T10:26:00 IST" name="browserTearDown" finished-at="2022-12-06T10:26:00 IST" duration-ms="130" status="PASS">
          <reporter-output>
          </reporter-output>
        </test-method> <!-- browserTearDown -->
      </class> <!-- testDataSample.Tricentis_EnterInsurantData_radiobuttons -->
      <class name="testDataSample.Tricentis_EnterProductData_TestScript">
        <test-method is-config="true" signature="browserSetUp(java.lang.String)[pri:0, instance:testDataSample.Tricentis_EnterProductData_TestScript@3514a4c0]" started-at="2022-12-06T10:25:42 IST" name="browserSetUp" finished-at="2022-12-06T10:25:43 IST" duration-ms="742" status="PASS">
          <params>
            <param index="0">
              <value>
                <![CDATA[noValue]]>
              </value>
            </param>
          </params>
          <reporter-output>
            <line>
              <![CDATA[Successfully Launched Chrome Browser]]>
            </line>
            <line>
              <![CDATA[Browser window is maximized successfully]]>
            </line>
          </reporter-output>
        </test-method> <!-- browserSetUp -->
        <test-method is-config="true" signature="loginToApplication()[pri:0, instance:testDataSample.Tricentis_EnterProductData_TestScript@3514a4c0]" started-at="2022-12-06T10:25:43 IST" name="loginToApplication" finished-at="2022-12-06T10:25:44 IST" duration-ms="1850" status="PASS">
          <reporter-output>
          </reporter-output>
        </test-method> <!-- loginToApplication -->
        <test-method signature="EnterProductData()[pri:0, instance:testDataSample.Tricentis_EnterProductData_TestScript@3514a4c0]" started-at="2022-12-06T10:25:44 IST" name="EnterProductData" finished-at="2022-12-06T10:25:55 IST" duration-ms="10886" status="PASS">
          <reporter-output>
          </reporter-output>
        </test-method> <!-- EnterProductData -->
        <test-method is-config="true" signature="browserTearDown()[pri:0, instance:testDataSample.Tricentis_EnterProductData_TestScript@3514a4c0]" started-at="2022-12-06T10:25:55 IST" name="browserTearDown" finished-at="2022-12-06T10:25:55 IST" duration-ms="131" status="PASS">
          <reporter-output>
          </reporter-output>
        </test-method> <!-- browserTearDown -->
      </class> <!-- testDataSample.Tricentis_EnterProductData_TestScript -->
      <class name="testDataSample.Tricentis_EnterVehicleData_only_Dropdowns_testScript">
        <test-method is-config="true" signature="browserSetUp(java.lang.String)[pri:0, instance:testDataSample.Tricentis_EnterVehicleData_only_Dropdowns_testScript@29d89d5d]" started-at="2022-12-06T10:25:38 IST" name="browserSetUp" finished-at="2022-12-06T10:25:39 IST" duration-ms="731" status="PASS">
          <params>
            <param index="0">
              <value>
                <![CDATA[noValue]]>
              </value>
            </param>
          </params>
          <reporter-output>
            <line>
              <![CDATA[Successfully Launched Chrome Browser]]>
            </line>
            <line>
              <![CDATA[Browser window is maximized successfully]]>
            </line>
          </reporter-output>
        </test-method> <!-- browserSetUp -->
        <test-method is-config="true" signature="loginToApplication()[pri:0, instance:testDataSample.Tricentis_EnterVehicleData_only_Dropdowns_testScript@29d89d5d]" started-at="2022-12-06T10:25:39 IST" name="loginToApplication" finished-at="2022-12-06T10:25:41 IST" duration-ms="2136" status="PASS">
          <reporter-output>
          </reporter-output>
        </test-method> <!-- loginToApplication -->
        <test-method signature="EnterVehicleData_Dropdowns()[pri:0, instance:testDataSample.Tricentis_EnterVehicleData_only_Dropdowns_testScript@29d89d5d]" started-at="2022-12-06T10:25:41 IST" name="EnterVehicleData_Dropdowns" finished-at="2022-12-06T10:25:42 IST" duration-ms="646" status="PASS">
          <reporter-output>
          </reporter-output>
        </test-method> <!-- EnterVehicleData_Dropdowns -->
        <test-method is-config="true" signature="browserTearDown()[pri:0, instance:testDataSample.Tricentis_EnterVehicleData_only_Dropdowns_testScript@29d89d5d]" started-at="2022-12-06T10:25:42 IST" name="browserTearDown" finished-at="2022-12-06T10:25:42 IST" duration-ms="103" status="PASS">
          <reporter-output>
          </reporter-output>
        </test-method> <!-- browserTearDown -->
      </class> <!-- testDataSample.Tricentis_EnterVehicleData_only_Dropdowns_testScript -->
      <class name="testDataSample.Tricentis_Dropdown_getText_TestScript">
        <test-method is-config="true" signature="browserSetUp(java.lang.String)[pri:0, instance:testDataSample.Tricentis_Dropdown_getText_TestScript@15aab8c6]" started-at="2022-12-06T10:26:47 IST" name="browserSetUp" finished-at="2022-12-06T10:26:48 IST" duration-ms="734" status="PASS">
          <params>
            <param index="0">
              <value>
                <![CDATA[noValue]]>
              </value>
            </param>
          </params>
          <reporter-output>
            <line>
              <![CDATA[Successfully Launched Chrome Browser]]>
            </line>
            <line>
              <![CDATA[Browser window is maximized successfully]]>
            </line>
          </reporter-output>
        </test-method> <!-- browserSetUp -->
        <test-method is-config="true" signature="loginToApplication()[pri:0, instance:testDataSample.Tricentis_Dropdown_getText_TestScript@15aab8c6]" started-at="2022-12-06T10:26:48 IST" name="loginToApplication" finished-at="2022-12-06T10:26:51 IST" duration-ms="2556" status="PASS">
          <reporter-output>
          </reporter-output>
        </test-method> <!-- loginToApplication -->
        <test-method signature="dropdown_getTest()[pri:0, instance:testDataSample.Tricentis_Dropdown_getText_TestScript@15aab8c6]" started-at="2022-12-06T10:26:51 IST" name="dropdown_getTest" finished-at="2022-12-06T10:26:51 IST" duration-ms="627" status="PASS">
          <reporter-output>
          </reporter-output>
        </test-method> <!-- dropdown_getTest -->
        <test-method is-config="true" signature="browserTearDown()[pri:0, instance:testDataSample.Tricentis_Dropdown_getText_TestScript@15aab8c6]" started-at="2022-12-06T10:26:51 IST" name="browserTearDown" finished-at="2022-12-06T10:26:52 IST" duration-ms="153" status="PASS">
          <reporter-output>
          </reporter-output>
        </test-method> <!-- browserTearDown -->
      </class> <!-- testDataSample.Tricentis_Dropdown_getText_TestScript -->
      <class name="testDataSample.Tricentis_Radiobutton_TestScript">
        <test-method is-config="true" signature="browserSetUp(java.lang.String)[pri:0, instance:testDataSample.Tricentis_Radiobutton_TestScript@37654521]" started-at="2022-12-06T10:26:44 IST" name="browserSetUp" finished-at="2022-12-06T10:26:45 IST" duration-ms="716" status="PASS">
          <params>
            <param index="0">
              <value>
                <![CDATA[noValue]]>
              </value>
            </param>
          </params>
          <reporter-output>
            <line>
              <![CDATA[Successfully Launched Chrome Browser]]>
            </line>
            <line>
              <![CDATA[Browser window is maximized successfully]]>
            </line>
          </reporter-output>
        </test-method> <!-- browserSetUp -->
        <test-method is-config="true" signature="loginToApplication()[pri:0, instance:testDataSample.Tricentis_Radiobutton_TestScript@37654521]" started-at="2022-12-06T10:26:45 IST" name="loginToApplication" finished-at="2022-12-06T10:26:47 IST" duration-ms="2025" status="PASS">
          <reporter-output>
          </reporter-output>
        </test-method> <!-- loginToApplication -->
        <test-method signature="dropdown_click()[pri:0, instance:testDataSample.Tricentis_Radiobutton_TestScript@37654521]" started-at="2022-12-06T10:26:47 IST" name="dropdown_click" finished-at="2022-12-06T10:26:47 IST" duration-ms="470" status="PASS">
          <reporter-output>
          </reporter-output>
        </test-method> <!-- dropdown_click -->
        <test-method is-config="true" signature="browserTearDown()[pri:0, instance:testDataSample.Tricentis_Radiobutton_TestScript@37654521]" started-at="2022-12-06T10:26:47 IST" name="browserTearDown" finished-at="2022-12-06T10:26:47 IST" duration-ms="106" status="PASS">
          <reporter-output>
          </reporter-output>
        </test-method> <!-- browserTearDown -->
      </class> <!-- testDataSample.Tricentis_Radiobutton_TestScript -->
    </test> <!-- Test -->
  </suite> <!-- Suite -->
</testng-results>
